#
# There is insufficient memory for the Java Runtime Environment to continue.
# Native memory allocation (malloc) failed to allocate 1048576 bytes. Error detail: AllocateHeap
# Possible reasons:
#   The system is out of physical RAM or swap space
#   This process is running with CompressedOops enabled, and the Java Heap may be blocking the growth of the native heap
# Possible solutions:
#   Reduce memory load on the system
#   Increase physical memory or swap space
#   Check if swap backing store is full
#   Decrease Java heap size (-Xmx/-Xms)
#   Decrease number of Java threads
#   Decrease Java thread stack sizes (-Xss)
#   Set larger code cache with -XX:ReservedCodeCacheSize=
#   JVM is running with Unscaled Compressed Oops mode in which the Java heap is
#     placed in the first 4GB address space. The Java Heap base address is the
#     maximum limit for the native heap growth. Please use -XX:HeapBaseMinAddress
#     to set the Java Heap base and to place the Java Heap above 4GB virtual address.
# This output file may be truncated or incomplete.
#
#  Out of Memory Error (allocation.cpp:44), pid=23756, tid=21432
#
# JRE version:  (21.0.9+10) (build )
# Java VM: OpenJDK 64-Bit Server VM (21.0.9+10-LTS, mixed mode, sharing, tiered, compressed oops, compressed class ptrs, parallel gc, windows-amd64)
# No core dump will be written. Minidumps are not enabled by default on client versions of Windows
#

---------------  S U M M A R Y ------------

Command Line: --add-modules=ALL-SYSTEM --add-opens=java.base/java.util=ALL-UNNAMED --add-opens=java.base/java.lang=ALL-UNNAMED --add-opens=java.base/sun.nio.fs=ALL-UNNAMED -Declipse.application=org.eclipse.jdt.ls.core.id1 -Dosgi.bundles.defaultStartLevel=4 -Declipse.product=org.eclipse.jdt.ls.core.product -Djava.import.generatesMetadataFilesAtProjectRoot=false -DDetectVMInstallationsJob.disabled=true -Dfile.encoding=utf8 -XX:+UseParallelGC -XX:GCTimeRatio=4 -XX:AdaptiveSizePolicyWeight=90 -Dsun.zip.disableMemoryMapping=true -Xmx2G -Xms100m -Xlog:disable -javaagent:c:\Users\conto\.vscode\extensions\redhat.java-1.49.0-win32-x64\lombok\lombok-1.18.39-4050.jar c:\Users\conto\.vscode\extensions\redhat.java-1.49.0-win32-x64\server\plugins\org.eclipse.equinox.launcher_1.7.100.v20251111-0406.jar -configuration c:\Users\conto\AppData\Roaming\Code\User\globalStorage\redhat.java\1.49.0\config_ss_win -data c:\Users\conto\AppData\Roaming\Code\User\workspaceStorage\e48a14bbbd75283b8477d40e9dfa99c8\redhat.java\ss_ws --pipe=\\.\pipe\lsp-c3e51682b9ac9673561db02896c3c6b7-sock

Host: 11th Gen Intel(R) Core(TM) i3-1115G4 @ 3.00GHz, 4 cores, 7G,  Windows 11 , 64 bit Build 26100 (10.0.26100.6725)
Time: Thu Nov 20 22:25:46 2025 Hora verano Sudamérica Pacífico elapsed time: 0.098979 seconds (0d 0h 0m 0s)

---------------  T H R E A D  ---------------

Current thread (0x000001ca37d72a80):  JavaThread "Unknown thread" [_thread_in_vm, id=21432, stack(0x0000008d59200000,0x0000008d59300000) (1024K)]

Stack: [0x0000008d59200000,0x0000008d59300000]
Native frames: (J=compiled Java code, j=interpreted, Vv=VM code, C=native code)
V  [jvm.dll+0x6d6e29]
V  [jvm.dll+0x8b4b76]
V  [jvm.dll+0x8b712e]
V  [jvm.dll+0x8b7813]
V  [jvm.dll+0x283d86]
V  [jvm.dll+0xc1277]
V  [jvm.dll+0x70adf2]
V  [jvm.dll+0x70bb2c]
V  [jvm.dll+0x6e59c3]
V  [jvm.dll+0x87e58c]
V  [jvm.dll+0x3c42fc]
V  [jvm.dll+0x86727b]
V  [jvm.dll+0x457391]
V  [jvm.dll+0x458f81]
C  [jli.dll+0x52d0]
C  [ucrtbase.dll+0x37b0]
C  [KERNEL32.DLL+0x2e8d7]
C  [ntdll.dll+0x8c53c]


---------------  P R O C E S S  ---------------

Threads class SMR info:
_java_thread_list=0x000001ca37d8fe90, length=1, elements={
0x000001ca37d72a80
}

Java Threads: ( => current thread )
=>0x000001ca37d72a80 JavaThread "Unknown thread"             [_thread_in_vm, id=21432, stack(0x0000008d59200000,0x0000008d59300000) (1024K)]
Total: 1

Other Threads:
  0x000001ca37dd9340 WatcherThread "VM Periodic Task Thread"        [id=28376, stack(0x0000008d59400000,0x0000008d59500000) (1024K)]
  0x000001ca37d85160 WorkerThread "GC Thread#0"                     [id=23488, stack(0x0000008d59300000,0x0000008d59400000) (1024K)]
Total: 2

Threads with active compile tasks:
Total: 0

VM state: not at safepoint (normal execution)

VM Mutex/Monitor currently owned by a thread: None

Heap address: 0x0000000080000000, size: 2048 MB, Compressed Oops mode: 32-bit

CDS archive(s) mapped at: [0x000001ca51000000-0x000001ca51ba0000-0x000001ca51ba0000), size 12189696, SharedBaseAddress: 0x000001ca51000000, ArchiveRelocationMode: 1.
Compressed class space mapped at: 0x000001ca52000000-0x000001ca92000000, reserved size: 1073741824
Narrow klass base: 0x000001ca51000000, Narrow klass shift: 0, Narrow klass range: 0x100000000

GC Precious Log:
 CardTable entry size: 512
 CPUs: 4 total, 4 available
 Memory: 7859M
 Large Page Support: Disabled
 NUMA Support: Disabled
 Compressed Oops: Enabled (32-bit)
 Alignments: Space 512K, Generation 512K, Heap 2M
 Heap Min Capacity: 100M
 Heap Initial Capacity: 100M
 Heap Max Capacity: 2G
 Pre-touch: Disabled
 Parallel Workers: 4

Heap:
 PSYoungGen      total 29696K, used 512K [0x00000000d5580000, 0x00000000d7680000, 0x0000000100000000)
  eden space 25600K, 2% used [0x00000000d5580000,0x00000000d5600020,0x00000000d6e80000)
  from space 4096K, 0% used [0x00000000d7280000,0x00000000d7280000,0x00000000d7680000)
  to   space 4096K, 0% used [0x00000000d6e80000,0x00000000d6e80000,0x00000000d7280000)
 ParOldGen       total 68608K, used 0K [0x0000000080000000, 0x0000000084300000, 0x00000000d5580000)
  object space 68608K, 0% used [0x0000000080000000,0x0000000080000000,0x0000000084300000)
 Metaspace       used 0K, committed 0K, reserved 1048576K
  class space    used 0K, committed 0K, reserved 1048576K

Card table byte_map: [0x000001ca4bad0000,0x000001ca4bee0000] _byte_map_base: 0x000001ca4b6d0000

Marking Bits: (ParMarkBitMap*) 0x00007fffa58c2460
 Begin Bits: [0x000001ca4c190000, 0x000001ca4e190000)
 End Bits:   [0x000001ca4e190000, 0x000001ca50190000)

Polling page: 0x000001ca37e30000

Metaspace:

Usage:
  Non-class:      0 bytes used.
      Class:      0 bytes used.
       Both:      0 bytes used.

Virtual space:
  Non-class space:        0 bytes reserved,       0 bytes (  ?%) committed,  0 nodes.
      Class space:        1.00 GB reserved,       0 bytes (  0%) committed,  1 nodes.
             Both:        1.00 GB reserved,       0 bytes (  0%) committed. 

Chunk freelists:
   Non-Class:  0 bytes
       Class:  16.00 MB
        Both:  16.00 MB

MaxMetaspaceSize: unlimited
CompressedClassSpaceSize: 1.00 GB
Initial GC threshold: 21.00 MB
Current GC threshold: 17179869184.00 GB
CDS: on
 - commit_granule_bytes: 65536.
 - commit_granule_words: 8192.
 - virtual_space_node_default_size: 8388608.
 - enlarge_chunks_in_place: 1.
 - use_allocation_guard: 0.


Internal statistics:

num_allocs_failed_limit: 0.
num_arena_births: 0.
num_arena_deaths: 0.
num_vsnodes_births: 1.
num_vsnodes_deaths: 0.
num_space_committed: 0.
num_space_uncommitted: 0.
num_chunks_returned_to_freelist: 0.
num_chunks_taken_from_freelist: 1.
num_chunk_merges: 0.
num_chunk_splits: 1.
num_chunks_enlarged: 0.
num_inconsistent_stats: 0.

CodeHeap 'non-profiled nmethods': size=120000Kb used=0Kb max_used=0Kb free=120000Kb
 bounds [0x000001ca443c0000, 0x000001ca44630000, 0x000001ca4b8f0000]
CodeHeap 'profiled nmethods': size=120000Kb used=0Kb max_used=0Kb free=120000Kb
 bounds [0x000001ca3c8f0000, 0x000001ca3cb60000, 0x000001ca43e20000]
CodeHeap 'non-nmethods': size=5760Kb used=199Kb max_used=348Kb free=5560Kb
 bounds [0x000001ca43e20000, 0x000001ca44090000, 0x000001ca443c0000]
CodeCache: size=245760Kb, used=199Kb, max_used=348Kb, free=245560Kb
 total_blobs=70, nmethods=0, adapters=48, full_count=0
Compilation: enabled, stopped_count=0, restarted_count=0

Compilation events (0 events):
No events

GC Heap History (0 events):
No events

Dll operation events (1 events):
Event: 0.043 Loaded shared library c:\Users\conto\.vscode\extensions\redhat.java-1.49.0-win32-x64\jre\21.0.9-win32-x86_64\bin\java.dll

Deoptimization events (0 events):
No events

Classes loaded (0 events):
No events

Classes unloaded (0 events):
No events

Classes redefined (0 events):
No events

Internal exceptions (0 events):
No events

ZGC Phase Switch (0 events):
No events

VM Operations (0 events):
No events

Memory protections (0 events):
No events

Nmethod flushes (0 events):
No events

Events (1 events):
Event: 0.073 Thread 0x000001ca37d72a80 Thread added: 0x000001ca37d72a80


Dynamic libraries:
0x00007ff7bc6c0000 - 0x00007ff7bc6ce000 	c:\Users\conto\.vscode\extensions\redhat.java-1.49.0-win32-x64\jre\21.0.9-win32-x86_64\bin\java.exe
0x00007ff8a24c0000 - 0x00007ff8a2728000 	C:\WINDOWS\SYSTEM32\ntdll.dll
0x00007ff8a0310000 - 0x00007ff8a03d9000 	C:\WINDOWS\System32\KERNEL32.DLL
0x00007ff89fbf0000 - 0x00007ff89ffe2000 	C:\WINDOWS\System32\KERNELBASE.dll
0x00007ff899b30000 - 0x00007ff899bcf000 	C:\WINDOWS\SYSTEM32\apphelp.dll
0x00007ff89fff0000 - 0x00007ff8a013b000 	C:\WINDOWS\System32\ucrtbase.dll
0x00007ff8577f0000 - 0x00007ff857808000 	c:\Users\conto\.vscode\extensions\redhat.java-1.49.0-win32-x64\jre\21.0.9-win32-x86_64\bin\jli.dll
0x00007ff8a12f0000 - 0x00007ff8a14b5000 	C:\WINDOWS\System32\USER32.dll
0x00007ff89f650000 - 0x00007ff89f677000 	C:\WINDOWS\System32\win32u.dll
0x00007ff8a11b0000 - 0x00007ff8a11db000 	C:\WINDOWS\System32\GDI32.dll
0x00007ff89f890000 - 0x00007ff89f9bd000 	C:\WINDOWS\System32\gdi32full.dll
0x00007ff89f9c0000 - 0x00007ff89fa63000 	C:\WINDOWS\System32\msvcp_win.dll
0x00007ff83fe60000 - 0x00007ff83fe7e000 	c:\Users\conto\.vscode\extensions\redhat.java-1.49.0-win32-x64\jre\21.0.9-win32-x86_64\bin\VCRUNTIME140.dll
0x00007ff87ba50000 - 0x00007ff87bce3000 	C:\WINDOWS\WinSxS\amd64_microsoft.windows.common-controls_6595b64144ccf1df_6.0.26100.6725_none_3e085828e334708b\COMCTL32.dll
0x00007ff8a1040000 - 0x00007ff8a10e9000 	C:\WINDOWS\System32\msvcrt.dll
0x00007ff8a0630000 - 0x00007ff8a065f000 	C:\WINDOWS\System32\IMM32.DLL
0x00007ff877bd0000 - 0x00007ff877bdc000 	c:\Users\conto\.vscode\extensions\redhat.java-1.49.0-win32-x64\jre\21.0.9-win32-x86_64\bin\vcruntime140_1.dll
0x00007ff8128a0000 - 0x00007ff81292d000 	c:\Users\conto\.vscode\extensions\redhat.java-1.49.0-win32-x64\jre\21.0.9-win32-x86_64\bin\msvcp140.dll
0x00007fffa4c00000 - 0x00007fffa59a0000 	c:\Users\conto\.vscode\extensions\redhat.java-1.49.0-win32-x64\jre\21.0.9-win32-x86_64\bin\server\jvm.dll
0x00007ff8a1c10000 - 0x00007ff8a1cc4000 	C:\WINDOWS\System32\ADVAPI32.dll
0x00007ff8a2080000 - 0x00007ff8a2126000 	C:\WINDOWS\System32\sechost.dll
0x00007ff8a06c0000 - 0x00007ff8a07d8000 	C:\WINDOWS\System32\RPCRT4.dll
0x00007ff8a0290000 - 0x00007ff8a0304000 	C:\WINDOWS\System32\WS2_32.dll
0x00007ff89f4b0000 - 0x00007ff89f50e000 	C:\WINDOWS\SYSTEM32\POWRPROF.dll
0x00007ff8950f0000 - 0x00007ff895125000 	C:\WINDOWS\SYSTEM32\WINMM.dll
0x00007ff88cb20000 - 0x00007ff88cb2b000 	C:\WINDOWS\SYSTEM32\VERSION.dll
0x00007ff89f490000 - 0x00007ff89f4a4000 	C:\WINDOWS\SYSTEM32\UMPDC.dll
0x00007ff89e420000 - 0x00007ff89e43b000 	C:\WINDOWS\SYSTEM32\kernel.appcore.dll
0x00007ff8670f0000 - 0x00007ff8670fa000 	c:\Users\conto\.vscode\extensions\redhat.java-1.49.0-win32-x64\jre\21.0.9-win32-x86_64\bin\jimage.dll
0x00007ff89cd50000 - 0x00007ff89cf92000 	C:\WINDOWS\SYSTEM32\DBGHELP.DLL
0x00007ff8a1cd0000 - 0x00007ff8a204b000 	C:\WINDOWS\System32\combase.dll
0x00007ff8a0ad0000 - 0x00007ff8a0ba7000 	C:\WINDOWS\System32\OLEAUT32.dll
0x00007ff877be0000 - 0x00007ff877c1c000 	C:\WINDOWS\SYSTEM32\dbgcore.DLL
0x00007ff89f7f0000 - 0x00007ff89f888000 	C:\WINDOWS\System32\bcryptPrimitives.dll
0x00007ff859530000 - 0x00007ff85953f000 	c:\Users\conto\.vscode\extensions\redhat.java-1.49.0-win32-x64\jre\21.0.9-win32-x86_64\bin\instrument.dll
0x00007ff82b450000 - 0x00007ff82b470000 	c:\Users\conto\.vscode\extensions\redhat.java-1.49.0-win32-x64\jre\21.0.9-win32-x86_64\bin\java.dll

JVMTI agents:
c:\Users\conto\.vscode\extensions\redhat.java-1.49.0-win32-x64\lombok\lombok-1.18.39-4050.jar path:none, loaded, not initialized, instrumentlib options:none

dbghelp: loaded successfully - version: 4.0.5 - missing functions: none
symbol engine: initialized successfully - sym options: 0x614 - pdb path: .;c:\Users\conto\.vscode\extensions\redhat.java-1.49.0-win32-x64\jre\21.0.9-win32-x86_64\bin;C:\WINDOWS\SYSTEM32;C:\WINDOWS\WinSxS\amd64_microsoft.windows.common-controls_6595b64144ccf1df_6.0.26100.6725_none_3e085828e334708b;c:\Users\conto\.vscode\extensions\redhat.java-1.49.0-win32-x64\jre\21.0.9-win32-x86_64\bin\server

VM Arguments:
jvm_args: --add-modules=ALL-SYSTEM --add-opens=java.base/java.util=ALL-UNNAMED --add-opens=java.base/java.lang=ALL-UNNAMED --add-opens=java.base/sun.nio.fs=ALL-UNNAMED -Declipse.application=org.eclipse.jdt.ls.core.id1 -Dosgi.bundles.defaultStartLevel=4 -Declipse.product=org.eclipse.jdt.ls.core.product -Djava.import.generatesMetadataFilesAtProjectRoot=false -DDetectVMInstallationsJob.disabled=true -Dfile.encoding=utf8 -XX:+UseParallelGC -XX:GCTimeRatio=4 -XX:AdaptiveSizePolicyWeight=90 -Dsun.zip.disableMemoryMapping=true -Xmx2G -Xms100m -Xlog:disable -javaagent:c:\Users\conto\.vscode\extensions\redhat.java-1.49.0-win32-x64\lombok\lombok-1.18.39-4050.jar 
java_command: c:\Users\conto\.vscode\extensions\redhat.java-1.49.0-win32-x64\server\plugins\org.eclipse.equinox.launcher_1.7.100.v20251111-0406.jar -configuration c:\Users\conto\AppData\Roaming\Code\User\globalStorage\redhat.java\1.49.0\config_ss_win -data c:\Users\conto\AppData\Roaming\Code\User\workspaceStorage\e48a14bbbd75283b8477d40e9dfa99c8\redhat.java\ss_ws --pipe=\\.\pipe\lsp-c3e51682b9ac9673561db02896c3c6b7-sock
java_class_path (initial): c:\Users\conto\.vscode\extensions\redhat.java-1.49.0-win32-x64\server\plugins\org.eclipse.equinox.launcher_1.7.100.v20251111-0406.jar
Launcher Type: SUN_STANDARD

[Global flags]
    uintx AdaptiveSizePolicyWeight                 = 90                                        {product} {command line}
     intx CICompilerCount                          = 3                                         {product} {ergonomic}
    uintx GCTimeRatio                              = 4                                         {product} {command line}
   size_t InitialHeapSize                          = 104857600                                 {product} {command line}
   size_t MaxHeapSize                              = 2147483648                                {product} {command line}
   size_t MaxNewSize                               = 715653120                                 {product} {ergonomic}
   size_t MinHeapDeltaBytes                        = 524288                                    {product} {ergonomic}
   size_t MinHeapSize                              = 104857600                                 {product} {command line}
   size_t NewSize                                  = 34603008                                  {product} {ergonomic}
    uintx NonNMethodCodeHeapSize                   = 5832780                                {pd product} {ergonomic}
    uintx NonProfiledCodeHeapSize                  = 122912730                              {pd product} {ergonomic}
   size_t OldSize                                  = 70254592                                  {product} {ergonomic}
    uintx ProfiledCodeHeapSize                     = 122912730                              {pd product} {ergonomic}
    uintx ReservedCodeCacheSize                    = 251658240                              {pd product} {ergonomic}
     bool SegmentedCodeCache                       = true                                      {product} {ergonomic}
   size_t SoftMaxHeapSize                          = 2147483648                             {manageable} {ergonomic}
     bool UseCompressedOops                        = true                           {product lp64_product} {ergonomic}
     bool UseLargePagesIndividualAllocation        = false                                  {pd product} {ergonomic}
     bool UseParallelGC                            = true                                      {product} {command line}

Logging:
Log output configuration:
 #0: stdout all=off uptime,level,tags foldmultilines=false
 #1: stderr all=off uptime,level,tags foldmultilines=false

Release file:
<release file has not been read>
Environment Variables:
PATH=C:\Program Files (x86)\Common Files\Oracle\Java\java8path;C:\Program Files (x86)\Common Files\Oracle\Java\javapath;C:\app\conto\product\21c\dbhomeXE\bin;C:\WINDOWS\system32;C:\WINDOWS;C:\WINDOWS\System32\Wbem;C:\WINDOWS\System32\WindowsPowerShell\v1.0\;C:\WINDOWS\System32\OpenSSH\;C:\Program Files\HP\HP One Agent;C:\Program Files\dotnet\;C:\WINDOWS\system32;C:\WINDOWS;C:\WINDOWS\System32\Wbem;C:\WINDOWS\System32\WindowsPowerShell\v1.0\;C:\WINDOWS\System32\OpenSSH\;C:\Program Files\Git\cmd;C:\Program Files\nodejs\;C:\Users\conto\AppData\Local\Programs\Python\Python313\Scripts\;C:\Users\conto\AppData\Local\Programs\Python\Python313\;C:\Users\conto\AppData\Local\Programs\Python\Launcher\;C:\Users\conto\AppData\Local\Microsoft\WindowsApps;C:\Users\conto\AppData\Local\Programs\Microsoft VS Code\bin;C:\Users\conto\AppData\Local\Programs\Python\Python312\Scripts\;C:\Users\conto\AppData\Local\Programs\mongosh\;C:\Users\conto\AppData\Local\GitHubDesktop\bin;C:\Users\conto\AppData\Roaming\npm
USERNAME=conto
OS=Windows_NT
PROCESSOR_IDENTIFIER=Intel64 Family 6 Model 140 Stepping 1, GenuineIntel
TMP=C:\Users\conto\AppData\Local\Temp
TEMP=C:\Users\conto\AppData\Local\Temp




Periodic native trim disabled

---------------  S Y S T E M  ---------------

OS:
 Windows 11 , 64 bit Build 26100 (10.0.26100.6725)
OS uptime: 0 days 2:53 hours

CPU: total 4 (initial active 4) (2 cores per cpu, 2 threads per core) family 6 model 140 stepping 1 microcode 0xb8, cx8, cmov, fxsr, ht, mmx, 3dnowpref, sse, sse2, sse3, ssse3, sse4.1, sse4.2, popcnt, lzcnt, tsc, tscinvbit, avx, avx2, aes, erms, clmul, bmi1, bmi2, adx, avx512f, avx512dq, avx512cd, avx512bw, avx512vl, sha, fma, vzeroupper, avx512_vpopcntdq, avx512_vpclmulqdq, avx512_vaes, avx512_vnni, clflush, clflushopt, clwb, avx512_vbmi2, avx512_vbmi, rdtscp, rdpid, fsrm, gfni, avx512_bitalg, f16c, pku, cet_ibt, cet_ss, avx512_ifma
Processor Information for the first 4 processors :
  Max Mhz: 2995, Current Mhz: 2995, Mhz Limit: 2995

Memory: 4k page, system-wide physical 7859M (1037M free)
TotalPageFile size 17912M (AvailPageFile size 5M)
current process WorkingSet (physical memory assigned to process): 27M, peak: 27M
current process commit charge ("private bytes"): 197M, peak: 198M

vm_info: OpenJDK 64-Bit Server VM (21.0.9+10-LTS) for windows-amd64 JRE (21.0.9+10-LTS), built on 2025-10-21T00:00:00Z by "admin" with unknown MS VC++:1942

END.
